<?xml version="1.0" encoding="UTF-8"?>
<testng-results skipped="0" failed="0" ignored="0" total="2" passed="2">
  <reporter-output>
  </reporter-output>
  <suite name="Surefire suite" duration-ms="19605" started-at="2019-08-20T18:18:41Z" finished-at="2019-08-20T18:19:01Z">
    <groups>
    </groups>
    <test name="Surefire test" duration-ms="19605" started-at="2019-08-20T18:18:41Z" finished-at="2019-08-20T18:19:01Z">
      <class name="palindrome.PalindromeControllerTest">
        <test-method status="PASS" signature="whenPostRequestValidContent_thenCorrectResponse() throws java.lang.Exception" name="whenPostRequestValidContent_thenCorrectResponse" duration-ms="19067" started-at="2019-08-20T20:18:42Z" finished-at="2019-08-20T20:19:01Z">
          <reporter-output>
          </reporter-output>
        </test-method> <!-- whenPostRequestValidContent_thenCorrectResponse -->
        <test-method status="PASS" signature="whenPostRequestInValidContent_thenCorrectResponse() throws java.lang.Exception" name="whenPostRequestInValidContent_thenCorrectResponse" duration-ms="19119" started-at="2019-08-20T20:18:42Z" finished-at="2019-08-20T20:19:01Z">
          <reporter-output>
          </reporter-output>
        </test-method> <!-- whenPostRequestInValidContent_thenCorrectResponse -->
      </class> <!-- palindrome.PalindromeControllerTest -->
    </test> <!-- Surefire test -->
  </suite> <!-- Surefire suite -->
</testng-results>
