<?xml version="1.0" encoding="UTF-8"?>
<testsuite xmlns:xsi="http://www.w3.org/2001/XMLSchema-instance" xsi:noNamespaceSchemaLocation="https://maven.apache.org/surefire/maven-surefire-plugin/xsd/surefire-test-report.xsd" name="palindrome.PalindromeControllerTest" time="20.412" tests="2" errors="0" skipped="0" failures="0">
  <properties>
[...]
</properties>
  <testcase name="whenPostRequestValidContent_thenCorrectResponse on whenPostRequestValidContent_thenCorrectResponse(palindrome.PalindromeControllerTest)" classname="palindrome.PalindromeControllerTest" time="0.257"/>
  <testcase name="whenPostRequestInValidContent_thenCorrectResponse on whenPostRequestInValidContent_thenCorrectResponse(palindrome.PalindromeControllerTest)" classname="palindrome.PalindromeControllerTest" time="0.052"/>
</testsuite>