<?xml version="1.0" encoding="UTF-8"?>
<!-- Generated by org.testng.reporters.JUnitXMLReporter -->
<testsuite hostname="W7N15027" ignored="0" name="Surefire test" tests="2" failures="0" timestamp="20 aug. 2019 18:19:01 GMT" time="19.605" errors="0">
  <testcase name="whenPostRequestValidContent_thenCorrectResponse on whenPostRequestValidContent_thenCorrectResponse(palindrome.PalindromeControllerTest)" time="19.067" classname="palindrome.PalindromeControllerTest"/>
  <testcase name="whenPostRequestInValidContent_thenCorrectResponse on whenPostRequestInValidContent_thenCorrectResponse(palindrome.PalindromeControllerTest)" time="19.119" classname="palindrome.PalindromeControllerTest"/>
</testsuite> <!-- Surefire test -->
